<?xml version="1.0" encoding="UTF-8"?>
<!-- Generated by org.testng.reporters.JUnitReportReporter -->
<testsuite hostname="DESKTOP-PMF4O4O" failures="0" tests="1" name="runner_cukes.TestRunner" time="0.536" errors="0" timestamp="25 Feb 2018 23:17:31 GMT">
  <testcase classname="runner_cukes.TestRunner" name="run_cukes" time="0.536"/>
</testsuite> <!-- runner_cukes.TestRunner -->
